<?xml version="1.0" encoding="UTF-8"?>
<!-- Generated by org.testng.reporters.JUnitReportReporter -->
<testsuite hostname="DESKTOP-8J9VN6K" failures="0" tests="1" name="testCases.TC002_LoginTest" time="2.583" errors="0" timestamp="2024-09-19T07:13:37 IST" skipped="0">
  <testcase classname="testCases.TC002_LoginTest" name="verify_login" time="2.583"/>
  <system-out/>
</testsuite> <!-- testCases.TC002_LoginTest -->
